Copyright 1986-2016 Xilinx, Inc. All Rights Reserved.
------------------------------------------------------------------------------------
| Tool Version : Vivado v.2016.1 (lin64) Build 1538259 Fri Apr  8 15:45:23 MDT 2016
| Date         : Fri May 13 00:28:59 2016
| Host         : ubuntu running 64-bit Ubuntu 14.04.1 LTS
| Command      : upgrade_ip
| Device       : xc7a100tcsg324-1
------------------------------------------------------------------------------------

Upgrade Log for IP 'DMB1_rst_clk_wiz_1_100M_0'

1. Summary
----------

SUCCESS in the upgrade of DMB1_rst_clk_wiz_1_100M_0 (xilinx.com:ip:proc_sys_reset:5.0) from (Rev. 8) to (Rev. 9)






Copyright 1986-2016 Xilinx, Inc. All Rights Reserved.
------------------------------------------------------------------------------------
| Tool Version : Vivado v.2016.1 (lin64) Build 1538259 Fri Apr  8 15:45:23 MDT 2016
| Date         : Fri May 13 00:28:59 2016
| Host         : ubuntu running 64-bit Ubuntu 14.04.1 LTS
| Command      : upgrade_ip
| Device       : xc7a100tcsg324-1
------------------------------------------------------------------------------------

Upgrade Log for IP 'DMB1_microblaze_0_axi_periph_0'

1. Summary
----------

SUCCESS in the upgrade of DMB1_microblaze_0_axi_periph_0 (xilinx.com:ip:axi_interconnect:2.1) from (Rev. 8) to (Rev. 9)






Copyright 1986-2016 Xilinx, Inc. All Rights Reserved.
------------------------------------------------------------------------------------
| Tool Version : Vivado v.2016.1 (lin64) Build 1538259 Fri Apr  8 15:45:23 MDT 2016
| Date         : Fri May 13 00:28:58 2016
| Host         : ubuntu running 64-bit Ubuntu 14.04.1 LTS
| Command      : upgrade_ip
| Device       : xc7a100tcsg324-1
------------------------------------------------------------------------------------

Upgrade Log for IP 'DMB1_microblaze_0_0'

1. Summary
----------

SUCCESS in the upgrade of DMB1_microblaze_0_0 from xilinx.com:ip:microblaze:9.5 (Rev. 3) to xilinx.com:ip:microblaze:9.6






Copyright 1986-2016 Xilinx, Inc. All Rights Reserved.
------------------------------------------------------------------------------------
| Tool Version : Vivado v.2016.1 (lin64) Build 1538259 Fri Apr  8 15:45:23 MDT 2016
| Date         : Fri May 13 00:28:58 2016
| Host         : ubuntu running 64-bit Ubuntu 14.04.1 LTS
| Command      : upgrade_ip
| Device       : xc7a100tcsg324-1
------------------------------------------------------------------------------------

Upgrade Log for IP 'DMB1_mdm_1_0'

1. Summary
----------

SUCCESS in the upgrade of DMB1_mdm_1_0 (xilinx.com:ip:mdm:3.2) from (Rev. 4) to (Rev. 5)

2. Upgrade messages
-------------------

Set parameter C_M_AXIS_ID_WIDTH to value 7 (source 'default')






Copyright 1986-2016 Xilinx, Inc. All Rights Reserved.
------------------------------------------------------------------------------------
| Tool Version : Vivado v.2016.1 (lin64) Build 1538259 Fri Apr  8 15:45:23 MDT 2016
| Date         : Fri May 13 00:28:58 2016
| Host         : ubuntu running 64-bit Ubuntu 14.04.1 LTS
| Command      : upgrade_ip
| Device       : xc7a100tcsg324-1
------------------------------------------------------------------------------------

Upgrade Log for IP 'DMB1_lmb_bram_0'

1. Summary
----------

SUCCESS in the upgrade of DMB1_lmb_bram_0 (xilinx.com:ip:blk_mem_gen:8.3) from (Rev. 1) to (Rev. 2)






Copyright 1986-2016 Xilinx, Inc. All Rights Reserved.
------------------------------------------------------------------------------------
| Tool Version : Vivado v.2016.1 (lin64) Build 1538259 Fri Apr  8 15:45:23 MDT 2016
| Date         : Fri May 13 00:28:58 2016
| Host         : ubuntu running 64-bit Ubuntu 14.04.1 LTS
| Command      : upgrade_ip
| Device       : xc7a100tcsg324-1
------------------------------------------------------------------------------------

Upgrade Log for IP 'DMB1_ilmb_v10_0'

1. Summary
----------

SUCCESS in the upgrade of DMB1_ilmb_v10_0 (xilinx.com:ip:lmb_v10:3.0) from (Rev. 7) to (Rev. 8)






Copyright 1986-2016 Xilinx, Inc. All Rights Reserved.
------------------------------------------------------------------------------------
| Tool Version : Vivado v.2016.1 (lin64) Build 1538259 Fri Apr  8 15:45:23 MDT 2016
| Date         : Fri May 13 00:28:58 2016
| Host         : ubuntu running 64-bit Ubuntu 14.04.1 LTS
| Command      : upgrade_ip
| Device       : xc7a100tcsg324-1
------------------------------------------------------------------------------------

Upgrade Log for IP 'DMB1_ilmb_bram_if_cntlr_0'

1. Summary
----------

SUCCESS in the upgrade of DMB1_ilmb_bram_if_cntlr_0 (xilinx.com:ip:lmb_bram_if_cntlr:4.0) from (Rev. 7) to (Rev. 8)

2. Upgrade messages
-------------------

Set parameter C_MASK1 to value 0x0000000000800000 (source 'default')
Set parameter C_MASK2 to value 0x0000000000800000 (source 'default')
Set parameter C_MASK3 to value 0x0000000000800000 (source 'default')






Copyright 1986-2016 Xilinx, Inc. All Rights Reserved.
------------------------------------------------------------------------------------
| Tool Version : Vivado v.2016.1 (lin64) Build 1538259 Fri Apr  8 15:45:23 MDT 2016
| Date         : Fri May 13 00:28:58 2016
| Host         : ubuntu running 64-bit Ubuntu 14.04.1 LTS
| Command      : upgrade_ip
| Device       : xc7a100tcsg324-1
------------------------------------------------------------------------------------

Upgrade Log for IP 'DMB1_dlmb_v10_0'

1. Summary
----------

SUCCESS in the upgrade of DMB1_dlmb_v10_0 (xilinx.com:ip:lmb_v10:3.0) from (Rev. 7) to (Rev. 8)






Copyright 1986-2016 Xilinx, Inc. All Rights Reserved.
------------------------------------------------------------------------------------
| Tool Version : Vivado v.2016.1 (lin64) Build 1538259 Fri Apr  8 15:45:23 MDT 2016
| Date         : Fri May 13 00:28:58 2016
| Host         : ubuntu running 64-bit Ubuntu 14.04.1 LTS
| Command      : upgrade_ip
| Device       : xc7a100tcsg324-1
------------------------------------------------------------------------------------

Upgrade Log for IP 'DMB1_dlmb_bram_if_cntlr_0'

1. Summary
----------

SUCCESS in the upgrade of DMB1_dlmb_bram_if_cntlr_0 (xilinx.com:ip:lmb_bram_if_cntlr:4.0) from (Rev. 7) to (Rev. 8)

2. Upgrade messages
-------------------

Set parameter C_MASK1 to value 0x0000000000800000 (source 'default')
Set parameter C_MASK2 to value 0x0000000000800000 (source 'default')
Set parameter C_MASK3 to value 0x0000000000800000 (source 'default')






Copyright 1986-2016 Xilinx, Inc. All Rights Reserved.
------------------------------------------------------------------------------------
| Tool Version : Vivado v.2016.1 (lin64) Build 1538259 Fri Apr  8 15:45:23 MDT 2016
| Date         : Fri May 13 00:28:58 2016
| Host         : ubuntu running 64-bit Ubuntu 14.04.1 LTS
| Command      : upgrade_ip
| Device       : xc7a100tcsg324-1
------------------------------------------------------------------------------------

Upgrade Log for IP 'DMB1_clk_wiz_1_0'

1. Summary
----------

CAUTION (success, with warnings) in the upgrade of DMB1_clk_wiz_1_0 from xilinx.com:ip:clk_wiz:5.2 (Rev. 1) to xilinx.com:ip:clk_wiz:5.3

After upgrade, an IP may have parameter and port differences compared to the original customization. Please review the parameters within the IP customization GUI to ensure proper functionality. Also, please review the updated IP instantiation template to ensure proper connectivity, and update your design if required.

2. Connection Warnings
----------------------

Detected external port differences while upgrading 'DMB1_clk_wiz_1_0'. These changes may impact your design.


-Upgraded port order differs after port 'reset'


