14:01:06 INFO  : Launching XSDB server: xsdb.bat D:/Xilinx/SDK/2015.4/scripts/xsdb/xsdb/xsdb-server.tcl
14:01:07 INFO  : XSDB server has started successfully.
14:01:08 INFO  : Processing command line option -hwspec K:/CR_MicroBlase/MB2/MB2.sdk/MB_swled_wrapper.hdf.
14:03:01 INFO  : Processor reset is completed for microblaze_0
14:18:32 INFO  : microblaze_0 Processor is in use. Please stop existing Run or Debug sessions before launching.
14:19:12 INFO  : Connected to target on host '127.0.0.1' and port '3121'.
14:19:13 INFO  : 'targets -set -filter {jtag_cable_name =~ "Digilent Nexys4 210274505160A" && level==0} -index 0' command is executed.
14:19:15 INFO  : FPGA configured successfully with bitstream "K:/CR_MicroBlase/MB2/MB2.sdk/MB_swled_wrapper_hw_platform_0/download.bit"
14:19:36 INFO  : Time out for XMD transaction is 60000
If you want to increase the timeout value, goto Windows-> Preferences -> Xilinx SDK -> XMD Startup
14:19:36 ERROR : Timeout occured while waiting to get reply for command "xreset 0 0x80"
14:19:36 ERROR : Unexpected error while launching program.
java.lang.RuntimeException: 
	at com.xilinx.sdk.targetmanager.internal.TM.doProcessorReset(TM.java:1011)
	at com.xilinx.sdk.debug.core.XilinxAppLaunchConfigurationDelegate.runTargetSetup(XilinxAppLaunchConfigurationDelegate.java:455)
	at com.xilinx.sdk.debug.core.XilinxAppLaunchConfigurationDelegate.runApplication(XilinxAppLaunchConfigurationDelegate.java:616)
	at com.xilinx.sdk.debug.core.XilinxAppLaunchConfigurationDelegate.launch(XilinxAppLaunchConfigurationDelegate.java:309)
	at com.xilinx.sdk.debug.ui.XilinxAppLaunchDelegateWrapper.launch(XilinxAppLaunchDelegateWrapper.java:31)
	at org.eclipse.debug.internal.core.LaunchConfiguration.launch(LaunchConfiguration.java:858)
	at org.eclipse.debug.internal.core.LaunchConfiguration.launch(LaunchConfiguration.java:707)
	at org.eclipse.debug.internal.ui.DebugUIPlugin.buildAndLaunch(DebugUIPlugin.java:1018)
	at org.eclipse.debug.internal.ui.DebugUIPlugin$8.run(DebugUIPlugin.java:1222)
	at org.eclipse.core.internal.jobs.Worker.run(Worker.java:53)
14:20:07 INFO  : Processor reset is completed for microblaze_0
14:20:45 INFO  : microblaze_0 Processor is in use. Please stop existing Run or Debug sessions before launching.
14:20:48 INFO  : Processor reset is completed for microblaze_0
14:21:57 INFO  : microblaze_0 Processor is in use. Please stop existing Run or Debug sessions before launching.
14:21:59 INFO  : Processor reset is completed for microblaze_0
14:22:16 ERROR : Unexpected error while parsing XMD response ?: com.google.gson.JsonSyntaxException: com.google.gson.stream.MalformedJsonException: invalid number or unquoted string near 
14:22:26 INFO  : Launching XSDB server: xsdb.bat D:/Xilinx/SDK/2015.4/scripts/xsdb/xsdb/xsdb-server.tcl
14:22:27 INFO  : XSDB server has started successfully.
14:22:27 INFO  : Processing command line option -hwspec K:/CR_MicroBlase/MB2/MB2.sdk/MB_swled_wrapper.hdf.
14:22:28 INFO  : Checking for hwspec changes in the project MB_swled_wrapper_hw_platform_0.
14:22:30 INFO  : Processor reset is completed for microblaze_0
14:23:26 INFO  : microblaze_0 Processor is in use. Please stop existing Run or Debug sessions before launching.
14:23:28 INFO  : Processor reset is completed for microblaze_0
14:26:18 INFO  : microblaze_0 Processor is in use. Please stop existing Run or Debug sessions before launching.
14:26:20 INFO  : Processor reset is completed for microblaze_0
14:28:34 INFO  : microblaze_0 Processor is in use. Please stop existing Run or Debug sessions before launching.
14:28:36 INFO  : Processor reset is completed for microblaze_0
14:38:30 INFO  : microblaze_0 Processor is in use. Please stop existing Run or Debug sessions before launching.
14:39:07 INFO  : microblaze_0 Processor is in use. Please stop existing Run or Debug sessions before launching.
14:39:09 INFO  : Processor reset is completed for microblaze_0
14:39:50 INFO  : microblaze_0 Processor is in use. Please stop existing Run or Debug sessions before launching.
14:39:52 INFO  : Processor reset is completed for microblaze_0
14:40:09 INFO  : Time out for XMD transaction is 60000
If you want to increase the timeout value, goto Windows-> Preferences -> Xilinx SDK -> XMD Startup
14:40:09 ERROR : Timeout occured while waiting to get reply for command "close_terminal"
14:40:09 ERROR : Error while closing JTAG UART server: 
14:40:18 INFO  : microblaze_0 Processor is in use. Please stop existing Run or Debug sessions before launching.
14:40:19 INFO  : Processor reset is completed for microblaze_0
14:40:57 INFO  : microblaze_0 Processor is in use. Please stop existing Run or Debug sessions before launching.
14:40:59 INFO  : Processor reset is completed for microblaze_0
14:42:18 INFO  : microblaze_0 Processor is in use. Please stop existing Run or Debug sessions before launching.
14:42:20 INFO  : Processor reset is completed for microblaze_0
14:42:27 INFO  : microblaze_0 Processor is in use. Please stop existing Run or Debug sessions before launching.
14:42:29 INFO  : Processor reset is completed for microblaze_0
14:43:16 INFO  : microblaze_0 Processor is in use. Please stop existing Run or Debug sessions before launching.
14:43:18 INFO  : Processor reset is completed for microblaze_0
14:43:55 INFO  : microblaze_0 Processor is in use. Please stop existing Run or Debug sessions before launching.
14:44:28 INFO  : Processor reset is completed for microblaze_0
14:44:53 INFO  : microblaze_0 Processor is in use. Please stop existing Run or Debug sessions before launching.
14:44:55 INFO  : Processor reset is completed for microblaze_0
14:45:17 INFO  : microblaze_0 Processor is in use. Please stop existing Run or Debug sessions before launching.
14:45:18 INFO  : Processor reset is completed for microblaze_0
14:45:30 INFO  : microblaze_0 Processor is in use. Please stop existing Run or Debug sessions before launching.
14:45:31 INFO  : Processor reset is completed for microblaze_0
14:45:31 INFO  : Processor reset is completed for microblaze_0
14:45:50 INFO  : microblaze_0 Processor is in use. Please stop existing Run or Debug sessions before launching.
14:45:52 INFO  : Processor reset is completed for microblaze_0
14:46:52 INFO  : Time out for XMD transaction is 60000
If you want to increase the timeout value, goto Windows-> Preferences -> Xilinx SDK -> XMD Startup
14:46:52 ERROR : Timeout occured while waiting to get reply for command "xremove 0 all"
14:46:52 ERROR : Unexpected error while launching program.
java.lang.RuntimeException: 
	at com.xilinx.sdk.targetmanager.internal.TM.removeAllBreakpoints(TM.java:738)
	at com.xilinx.sdk.debug.core.internal.AppRunner.run(AppRunner.java:139)
	at com.xilinx.sdk.debug.core.XilinxAppLaunchConfigurationDelegate.runApplication(XilinxAppLaunchConfigurationDelegate.java:637)
	at com.xilinx.sdk.debug.core.XilinxAppLaunchConfigurationDelegate.launch(XilinxAppLaunchConfigurationDelegate.java:309)
	at com.xilinx.sdk.debug.ui.XilinxAppLaunchDelegateWrapper.launch(XilinxAppLaunchDelegateWrapper.java:31)
	at org.eclipse.debug.internal.core.LaunchConfiguration.launch(LaunchConfiguration.java:858)
	at org.eclipse.debug.internal.core.LaunchConfiguration.launch(LaunchConfiguration.java:707)
	at org.eclipse.debug.internal.ui.DebugUIPlugin.buildAndLaunch(DebugUIPlugin.java:1018)
	at org.eclipse.debug.internal.ui.DebugUIPlugin$8.run(DebugUIPlugin.java:1222)
	at org.eclipse.core.internal.jobs.Worker.run(Worker.java:53)
14:47:27 INFO  : Time out for XMD transaction is 60000
If you want to increase the timeout value, goto Windows-> Preferences -> Xilinx SDK -> XMD Startup
14:47:27 ERROR : Timeout occured while waiting to get reply for command "xfpga_isconfigured -cable type xilinx_tcf url TCP:127.0.0.1:3121 "
14:47:27 ERROR : Checking FPGA configuration failed..
14:47:27 ERROR : Unexpected error while launching program.
com.xilinx.sdk.targetmanager.TMException: 
	at com.xilinx.sdk.targetmanager.internal.TM.isFPGAConfigured(TM.java:374)
	at com.xilinx.sdk.debug.core.XilinxAppLaunchConfigurationDelegate.isFpgaConfigured(XilinxAppLaunchConfigurationDelegate.java:409)
	at com.xilinx.sdk.debug.core.XilinxAppLaunchConfigurationDelegate.launch(XilinxAppLaunchConfigurationDelegate.java:303)
	at com.xilinx.sdk.debug.ui.XilinxAppLaunchDelegateWrapper.launch(XilinxAppLaunchDelegateWrapper.java:31)
	at org.eclipse.debug.internal.core.LaunchConfiguration.launch(LaunchConfiguration.java:858)
	at org.eclipse.debug.internal.core.LaunchConfiguration.launch(LaunchConfiguration.java:707)
	at org.eclipse.debug.internal.ui.DebugUIPlugin.buildAndLaunch(DebugUIPlugin.java:1018)
	at org.eclipse.debug.internal.ui.DebugUIPlugin$8.run(DebugUIPlugin.java:1222)
	at org.eclipse.core.internal.jobs.Worker.run(Worker.java:53)
14:47:43 INFO  : Launching XSDB server: xsdb.bat D:/Xilinx/SDK/2015.4/scripts/xsdb/xsdb/xsdb-server.tcl
14:47:44 INFO  : XSDB server has started successfully.
14:47:44 INFO  : Processing command line option -hwspec K:/CR_MicroBlase/MB2/MB2.sdk/MB_swled_wrapper.hdf.
14:47:44 INFO  : Checking for hwspec changes in the project MB_swled_wrapper_hw_platform_0.
14:47:46 WARN  : Unable to obtain port 2350 for use by XMD, java.net.SocketException: Unrecognized Windows Sockets error: 0: JVM_Bind
14:47:52 INFO  : Time out for XMD transaction is 60000
If you want to increase the timeout value, goto Windows-> Preferences -> Xilinx SDK -> XMD Startup
14:47:52 ERROR : Timeout occured while waiting to get reply for command "xdisconnect 0"
14:47:52 ERROR : Disconnect target failed.
14:48:00 INFO  : Time out for XMD transaction is 60000
If you want to increase the timeout value, goto Windows-> Preferences -> Xilinx SDK -> XMD Startup
14:48:00 ERROR : Timeout occured while waiting to get reply for command "xfpga_isconfigured -cable type xilinx_tcf url TCP:127.0.0.1:3121 "
14:48:00 ERROR : Checking FPGA configuration failed..
14:48:00 ERROR : Unexpected error while launching program.
com.xilinx.sdk.targetmanager.TMException: 
	at com.xilinx.sdk.targetmanager.internal.TM.isFPGAConfigured(TM.java:374)
	at com.xilinx.sdk.debug.core.XilinxAppLaunchConfigurationDelegate.isFpgaConfigured(XilinxAppLaunchConfigurationDelegate.java:409)
	at com.xilinx.sdk.debug.core.XilinxAppLaunchConfigurationDelegate.launch(XilinxAppLaunchConfigurationDelegate.java:303)
	at com.xilinx.sdk.debug.ui.XilinxAppLaunchDelegateWrapper.launch(XilinxAppLaunchDelegateWrapper.java:31)
	at org.eclipse.debug.internal.core.LaunchConfiguration.launch(LaunchConfiguration.java:858)
	at org.eclipse.debug.internal.core.LaunchConfiguration.launch(LaunchConfiguration.java:707)
	at org.eclipse.debug.internal.ui.DebugUIPlugin.buildAndLaunch(DebugUIPlugin.java:1018)
	at org.eclipse.debug.internal.ui.DebugUIPlugin$8.run(DebugUIPlugin.java:1222)
	at org.eclipse.core.internal.jobs.Worker.run(Worker.java:53)
14:48:01 ERROR : Unexpected error while launching program.
com.xilinx.sdk.targetmanager.TMException: 
    Failed to claim JTAG Device 1 for debug. Check if it's
    in use by other client for debug


	at com.xilinx.sdk.targetmanager.internal.TM.connectToProcessor(TM.java:484)
	at com.xilinx.sdk.debug.core.XilinxAppLaunchConfigurationDelegate.runTargetSetup(XilinxAppLaunchConfigurationDelegate.java:451)
	at com.xilinx.sdk.debug.core.XilinxAppLaunchConfigurationDelegate.runApplication(XilinxAppLaunchConfigurationDelegate.java:616)
	at com.xilinx.sdk.debug.core.XilinxAppLaunchConfigurationDelegate.launch(XilinxAppLaunchConfigurationDelegate.java:309)
	at com.xilinx.sdk.debug.ui.XilinxAppLaunchDelegateWrapper.launch(XilinxAppLaunchDelegateWrapper.java:31)
	at org.eclipse.debug.internal.core.LaunchConfiguration.launch(LaunchConfiguration.java:858)
	at org.eclipse.debug.internal.core.LaunchConfiguration.launch(LaunchConfiguration.java:707)
	at org.eclipse.debug.internal.ui.DebugUIPlugin.buildAndLaunch(DebugUIPlugin.java:1018)
	at org.eclipse.debug.internal.ui.DebugUIPlugin$8.run(DebugUIPlugin.java:1222)
	at org.eclipse.core.internal.jobs.Worker.run(Worker.java:53)
14:48:13 ERROR : Unexpected error while parsing XMD response ?: com.google.gson.JsonSyntaxException: com.google.gson.stream.MalformedJsonException: invalid number or unquoted string near 
14:48:31 INFO  : Launching XSDB server: xsdb.bat D:/Xilinx/SDK/2015.4/scripts/xsdb/xsdb/xsdb-server.tcl
14:48:32 INFO  : XSDB server has started successfully.
14:48:32 INFO  : Processing command line option -hwspec K:/CR_MicroBlase/MB2/MB2.sdk/MB_swled_wrapper.hdf.
14:48:32 INFO  : Checking for hwspec changes in the project MB_swled_wrapper_hw_platform_0.
14:48:34 WARN  : Unable to obtain port 2350 for use by XMD, java.net.SocketException: Unrecognized Windows Sockets error: 0: JVM_Bind
14:48:35 ERROR : Unexpected error while launching program.
com.xilinx.sdk.targetmanager.TMException: 
    Failed to claim JTAG Device 1 for debug. Check if it's
    in use by other client for debug


	at com.xilinx.sdk.targetmanager.internal.TM.connectToProcessor(TM.java:484)
	at com.xilinx.sdk.debug.core.XilinxAppLaunchConfigurationDelegate.runTargetSetup(XilinxAppLaunchConfigurationDelegate.java:451)
	at com.xilinx.sdk.debug.core.XilinxAppLaunchConfigurationDelegate.runApplication(XilinxAppLaunchConfigurationDelegate.java:616)
	at com.xilinx.sdk.debug.core.XilinxAppLaunchConfigurationDelegate.launch(XilinxAppLaunchConfigurationDelegate.java:309)
	at com.xilinx.sdk.debug.ui.XilinxAppLaunchDelegateWrapper.launch(XilinxAppLaunchDelegateWrapper.java:31)
	at org.eclipse.debug.internal.core.LaunchConfiguration.launch(LaunchConfiguration.java:858)
	at org.eclipse.debug.internal.core.LaunchConfiguration.launch(LaunchConfiguration.java:707)
	at org.eclipse.debug.internal.ui.DebugUIPlugin.buildAndLaunch(DebugUIPlugin.java:1018)
	at org.eclipse.debug.internal.ui.DebugUIPlugin$8.run(DebugUIPlugin.java:1222)
	at org.eclipse.core.internal.jobs.Worker.run(Worker.java:53)
14:48:52 INFO  : Time out for XMD transaction is 60000
If you want to increase the timeout value, goto Windows-> Preferences -> Xilinx SDK -> XMD Startup
14:48:52 ERROR : Timeout occured while waiting to get reply for command "xdisconnect 0"
14:48:52 ERROR : Disconnect target failed.
14:48:52 ERROR : Unable to disconnect from existing targets
java.lang.RuntimeException: 
	at com.xilinx.sdk.targetmanager.internal.TM.disconnectTarget(TM.java:329)
	at com.xilinx.sdk.targetmanager.internal.TM.disconnectExistingTargets(TM.java:308)
	at com.xilinx.sdk.targetmanager.internal.TM.terminate(TM.java:212)
	at com.xilinx.sdk.targetmanager.TMPlugin.stop(TMPlugin.java:58)
	at org.eclipse.osgi.framework.internal.core.BundleContextImpl$2.run(BundleContextImpl.java:771)
	at java.security.AccessController.doPrivileged(Native Method)
	at org.eclipse.osgi.framework.internal.core.BundleContextImpl.stop(BundleContextImpl.java:764)
	at org.eclipse.osgi.framework.internal.core.BundleHost.stopWorker(BundleHost.java:510)
	at org.eclipse.osgi.framework.internal.core.AbstractBundle.suspend(AbstractBundle.java:566)
	at org.eclipse.osgi.framework.internal.core.Framework.suspendBundle(Framework.java:1206)
	at org.eclipse.osgi.framework.internal.core.StartLevelManager.decFWSL(StartLevelManager.java:592)
	at org.eclipse.osgi.framework.internal.core.StartLevelManager.doSetStartLevel(StartLevelManager.java:257)
	at org.eclipse.osgi.framework.internal.core.StartLevelManager.shutdown(StartLevelManager.java:215)
	at org.eclipse.osgi.framework.internal.core.InternalSystemBundle.suspend(InternalSystemBundle.java:284)
	at org.eclipse.osgi.framework.internal.core.Framework.shutdown(Framework.java:692)
	at org.eclipse.osgi.framework.internal.core.Framework.close(Framework.java:600)
	at org.eclipse.core.runtime.adaptor.EclipseStarter.shutdown(EclipseStarter.java:400)
	at org.eclipse.core.runtime.adaptor.EclipseStarter.run(EclipseStarter.java:200)
	at sun.reflect.NativeMethodAccessorImpl.invoke0(Native Method)
	at sun.reflect.NativeMethodAccessorImpl.invoke(NativeMethodAccessorImpl.java:62)
	at sun.reflect.DelegatingMethodAccessorImpl.invoke(DelegatingMethodAccessorImpl.java:43)
	at java.lang.reflect.Method.invoke(Method.java:497)
	at org.eclipse.equinox.launcher.Main.invokeFramework(Main.java:636)
	at org.eclipse.equinox.launcher.Main.basicRun(Main.java:591)
	at org.eclipse.equinox.launcher.Main.run(Main.java:1450)
14:49:02 INFO  : Processor reset is completed for microblaze_0
14:49:13 INFO  : microblaze_0 Processor is in use. Please stop existing Run or Debug sessions before launching.
14:49:15 INFO  : Processor reset is completed for microblaze_0
14:50:14 INFO  : microblaze_0 Processor is in use. Please stop existing Run or Debug sessions before launching.
14:50:15 INFO  : Processor reset is completed for microblaze_0
14:50:52 INFO  : microblaze_0 Processor is in use. Please stop existing Run or Debug sessions before launching.
14:51:21 INFO  : Processor reset is completed for microblaze_0
14:51:54 INFO  : Time out for XMD transaction is 60000
If you want to increase the timeout value, goto Windows-> Preferences -> Xilinx SDK -> XMD Startup
14:51:54 ERROR : Timeout occured while waiting to get reply for command "xstop 0"
14:51:57 INFO  : Processor reset is completed for microblaze_0
14:51:57 ERROR : Unexpected error while launching program.
java.lang.RuntimeException: Cannot perform the Debug Command, Current Processor State is "Running"

	at com.xilinx.sdk.targetmanager.internal.TM.downloadELF(TM.java:686)
	at com.xilinx.sdk.debug.core.internal.AppRunner.run(AppRunner.java:129)
	at com.xilinx.sdk.debug.core.XilinxAppLaunchConfigurationDelegate.runApplication(XilinxAppLaunchConfigurationDelegate.java:637)
	at com.xilinx.sdk.debug.core.XilinxAppLaunchConfigurationDelegate.launch(XilinxAppLaunchConfigurationDelegate.java:309)
	at com.xilinx.sdk.debug.ui.XilinxAppLaunchDelegateWrapper.launch(XilinxAppLaunchDelegateWrapper.java:31)
	at org.eclipse.debug.internal.core.LaunchConfiguration.launch(LaunchConfiguration.java:858)
	at org.eclipse.debug.internal.core.LaunchConfiguration.launch(LaunchConfiguration.java:707)
	at org.eclipse.debug.internal.ui.DebugUIPlugin.buildAndLaunch(DebugUIPlugin.java:1018)
	at org.eclipse.debug.internal.ui.DebugUIPlugin$8.run(DebugUIPlugin.java:1222)
	at org.eclipse.core.internal.jobs.Worker.run(Worker.java:53)
14:52:09 INFO  : Processor reset is completed for microblaze_0
14:52:33 INFO  : microblaze_0 Processor is in use. Please stop existing Run or Debug sessions before launching.
14:52:35 INFO  : Processor reset is completed for microblaze_0
14:53:07 ERROR : Unexpected error while parsing XMD response ?: com.google.gson.JsonSyntaxException: com.google.gson.stream.MalformedJsonException: invalid number or unquoted string near 
11:49:12 INFO  : Launching XSDB server: xsdb -n /opt/Xilinx/SDK/2015.4/scripts/xsdb/xsdb/xsdb-server.tcl
11:49:15 INFO  : XSDB server has started successfully.
11:49:15 INFO  : Processing command line option -hwspec /media/psf/Home/Development/ect_ua/UserRepository/Aulas/Aula10/Material/MB2/MB2.sdk/MB_swled_wrapper.hdf.
12:30:13 INFO  : Connected to target on host '127.0.0.1' and port '3121'.
12:30:13 INFO  : 'targets -set -filter {jtag_cable_name =~ "Digilent Nexys4 210274505271A" && level==0} -index 0' command is executed.
12:30:16 INFO  : FPGA configured successfully with bitstream "/media/psf/Home/Development/ect_ua/UserRepository/Aulas/Aula10/Material/MB2/MB2.sdk/MB_swled_wrapper_hw_platform_0/download.bit"
12:30:57 INFO  : Processor reset is completed for microblaze_0
12:34:04 ERROR : Unexpected error while parsing XMD response ￿: com.google.gson.JsonSyntaxException: com.google.gson.stream.MalformedJsonException: invalid number or unquoted string near 
12:35:19 INFO  : Launching XSDB server: xsdb -n /opt/Xilinx/SDK/2015.4/scripts/xsdb/xsdb/xsdb-server.tcl
12:35:20 INFO  : XSDB server has started successfully.
12:35:21 INFO  : Processing command line option -hwspec /media/psf/Home/Development/ect_ua/UserRepository/Aulas/Aula10/Material/MB2/MB2.sdk/MB_swled_wrapper.hdf.
12:35:22 INFO  : Checking for hwspec changes in the project MB_swled_wrapper_hw_platform_1.
12:36:15 INFO  : Connected to target on host '127.0.0.1' and port '3121'.
12:36:15 INFO  : 'targets -set -filter {jtag_cable_name =~ "Digilent Nexys4 210274505271A" && level==0} -index 0' command is executed.
12:36:18 INFO  : FPGA configured successfully with bitstream "/media/psf/Home/Development/ect_ua/UserRepository/Aulas/Aula10/Material/MB2/MB2.sdk/MB_swled_wrapper_hw_platform_0/download.bit"
