Copyright 1986-2016 Xilinx, Inc. All Rights Reserved.
-----------------------------------------------------------------------------------------------------
| Tool Version      : Vivado v.2016.1 (lin64) Build 1538259 Fri Apr  8 15:45:23 MDT 2016
| Date              : Sat May 14 09:55:46 2016
| Host              : ubuntu running 64-bit Ubuntu 14.04.1 LTS
| Command           : report_clock_utilization -file MP3_Design_wrapper_clock_utilization_routed.rpt
| Design            : MP3_Design_wrapper
| Device            : 7a100t-csg324
| Speed File        : -1  PRODUCTION 1.14 2014-09-11
| Temperature Grade : C
-----------------------------------------------------------------------------------------------------

Clock Utilization Report

Table of Contents
-----------------
1. Clock Primitive Utilization
2. Global Clock Resources
3. Global Clock Source Details
4. Local Clock Details
5. Clock Regions: Key Resource Utilization
6. Clock Regions : Global Clock Summary
7. Cell Type Counts per Global Clock: Region X1Y1
8. Cell Type Counts per Global Clock: Region X1Y2
9. Load Cell Placement Summary for Global Clock g0
10. Load Cell Placement Summary for Global Clock g1
11. Load Cell Placement Summary for Global Clock g2
12. Load Cell Placement Summary for Global Clock g3

1. Clock Primitive Utilization
------------------------------

+----------+------+-----------+-----+--------------+--------+
| Type     | Used | Available | LOC | Clock Region | Pblock |
+----------+------+-----------+-----+--------------+--------+
| BUFGCTRL |    4 |        32 |   0 |            0 |      0 |
| BUFH     |    0 |        96 |   0 |            0 |      0 |
| BUFIO    |    0 |        24 |   0 |            0 |      0 |
| BUFMR    |    0 |        12 |   0 |            0 |      0 |
| BUFR     |    0 |        24 |   0 |            0 |      0 |
| MMCM     |    1 |         6 |   0 |            0 |      0 |
| PLL      |    0 |         6 |   0 |            0 |      0 |
+----------+------+-----------+-----+--------------+--------+


2. Global Clock Resources
-------------------------

+-------+-------+-----------------+------------+----------------+--------------+------+-------------------+---------------+-------------+-----------------+--------------+-----------------------------------------------+-----------------------------------------------------+-----------------------------------------------------------------+
| GlbID | SrcId | Driver Type/Pin | Constraint | Site           | Clock Region | Root | Clock Delay Group | Clock Regions | Clock Loads | Non-Clock Loads | Clock Period | Clock                                         | Driver Pin                                          | Net                                                             |
+-------+-------+-----------------+------------+----------------+--------------+------+-------------------+---------------+-------------+-----------------+--------------+-----------------------------------------------+-----------------------------------------------------+-----------------------------------------------------------------+
| g0    | src0  | BUFG/O          | None       | BUFGCTRL_X0Y17 | n/a          |      |                   |             1 |           1 |               0 |       10.000 | clkfbout_MP3_Design_clk_wiz_1_0_1             | MP3_Design_i/clk_wiz_1/inst/clkf_buf/O              | MP3_Design_i/clk_wiz_1/inst/clkfbout_buf_MP3_Design_clk_wiz_1_0 |
| g1    | src0  | BUFG/O          | None       | BUFGCTRL_X0Y16 | n/a          | n/a  | n/a               |             2 |           0 |            2843 |       10.000 | clk_out1_MP3_Design_clk_wiz_1_0_1             | MP3_Design_i/clk_wiz_1/inst/clkout1_buf/O           | MP3_Design_i/clk_wiz_1/inst/clk_out1                            |
| g2    | src1  | BUFG/O          | None       | BUFGCTRL_X0Y1  | n/a          | n/a  | n/a               |             2 |           0 |              40 |       33.333 | MP3_Design_i/mdm_1/U0/Use_E2.BSCANE2_I/UPDATE | MP3_Design_i/mdm_1/U0/Dbg_Update_0_BUFG_inst/O      | MP3_Design_i/mdm_1/U0/Dbg_Update_0                              |
| g3    | src1  | BUFG/O          | None       | BUFGCTRL_X0Y0  | n/a          | n/a  | n/a               |             2 |           0 |             254 |       33.333 | MP3_Design_i/mdm_1/U0/Use_E2.BSCANE2_I/DRCK   | MP3_Design_i/mdm_1/U0/No_Dbg_Reg_Access.BUFG_DRCK/O | MP3_Design_i/mdm_1/U0/Ext_JTAG_DRCK                             |
+-------+-------+-----------------+------------+----------------+--------------+------+-------------------+---------------+-------------+-----------------+--------------+-----------------------------------------------+-----------------------------------------------------+-----------------------------------------------------------------+
* Note: Multiple constraint types applied to the driver. Please check for potential conflicts.


3. Global Clock Source Details
------------------------------

+-------+--------+---------------------+------------+-----------------+--------------+-------------+-----------------+---------------------+-----------------------------------------------+----------------------------------------------------+-------------------------------------------------------------+
| SrcID | GlbIDs | Driver Type/Pin     | Constraint | Site            | Clock Region | Clock Loads | Non-Clock Loads | Source Clock Period | Source Clock                                  | Driver Pin                                         | Net                                                         |
+-------+--------+---------------------+------------+-----------------+--------------+-------------+-----------------+---------------------+-----------------------------------------------+----------------------------------------------------+-------------------------------------------------------------+
| src0  | g1     | MMCME2_ADV/CLKOUT0  | None       | MMCME2_ADV_X1Y2 | X1Y2         |           1 |               0 |              10.000 | clk_out1_MP3_Design_clk_wiz_1_0_1             | MP3_Design_i/clk_wiz_1/inst/mmcm_adv_inst/CLKOUT0  | MP3_Design_i/clk_wiz_1/inst/clk_out1_MP3_Design_clk_wiz_1_0 |
| src0  | g0     | MMCME2_ADV/CLKFBOUT | None       | MMCME2_ADV_X1Y2 | X1Y2         |           1 |               0 |              10.000 | clkfbout_MP3_Design_clk_wiz_1_0_1             | MP3_Design_i/clk_wiz_1/inst/mmcm_adv_inst/CLKFBOUT | MP3_Design_i/clk_wiz_1/inst/clkfbout_MP3_Design_clk_wiz_1_0 |
| src1  | g2     | BSCANE2/UPDATE      | None       | BSCAN_X0Y1      | X0Y1         |           1 |               0 |              33.333 | MP3_Design_i/mdm_1/U0/Use_E2.BSCANE2_I/UPDATE | MP3_Design_i/mdm_1/U0/Use_E2.BSCANE2_I/UPDATE      | MP3_Design_i/mdm_1/U0/Dbg_Update_0__0                       |
| src1  | g3     | BSCANE2/DRCK        | None       | BSCAN_X0Y1      | X0Y1         |           1 |               0 |              33.333 | MP3_Design_i/mdm_1/U0/Use_E2.BSCANE2_I/DRCK   | MP3_Design_i/mdm_1/U0/Use_E2.BSCANE2_I/DRCK        | MP3_Design_i/mdm_1/U0/I                                     |
+-------+--------+---------------------+------------+-----------------+--------------+-------------+-----------------+---------------------+-----------------------------------------------+----------------------------------------------------+-------------------------------------------------------------+


4. Local Clock Details
----------------------

+-------+-----------------+------------+----------+--------------+-------------+-----------------+--------------+-------+------------+-----+
| LocId | Driver Type/Pin | Constraint | Site/BEL | Clock Region | Clock Loads | Non-Clock Loads | Clock Period | Clock | Driver Pin | Net |
+-------+-----------------+------------+----------+--------------+-------------+-----------------+--------------+-------+------------+-----+


5. Clock Regions: Key Resource Utilization
------------------------------------------

+-------------------+--------------+--------------+--------------+--------------+--------------+--------------+--------------+--------------+--------------+--------------+--------------+--------------+--------------+--------------+--------------+
|                   | Global Clock |     BUFRs    |    BUFMRs    |    BUFIOs    |     MMCM     |      PLL     |      GT      |      PCI     |    ILOGIC    |    OLOGIC    |      FF      |     LUTM     |    RAMB18    |    RAMB36    |    DSP48E2   |
+-------------------+------+-------+------+-------+------+-------+------+-------+------+-------+------+-------+------+-------+------+-------+------+-------+------+-------+------+-------+------+-------+------+-------+------+-------+------+-------+
| Clock Region Name | Used | Avail | Used | Avail | Used | Avail | Used | Avail | Used | Avail | Used | Avail | Used | Avail | Used | Avail | Used | Avail | Used | Avail | Used | Avail | Used | Avail | Used | Avail | Used | Avail | Used | Avail |
+-------------------+------+-------+------+-------+------+-------+------+-------+------+-------+------+-------+------+-------+------+-------+------+-------+------+-------+------+-------+------+-------+------+-------+------+-------+------+-------+
| X0Y0              |    0 |    12 |    0 |     4 |    0 |     2 |    0 |     4 |    0 |     1 |    0 |     1 |    0 |     0 |    0 |     0 |    0 |    50 |    0 |    50 |    0 | 20800 |    0 |  2400 |    0 |     0 |    0 |    10 |    0 |    20 |
| X1Y0              |    0 |    12 |    0 |     0 |    0 |     0 |    0 |     0 |    0 |     0 |    0 |     0 |    0 |     5 |    0 |     0 |    0 |     0 |    0 |     0 |    0 | 12000 |    0 |  2200 |    0 |     0 |    0 |    20 |    0 |    40 |
| X0Y1              |    0 |    12 |    0 |     4 |    0 |     2 |    0 |     4 |    0 |     1 |    0 |     1 |    0 |     0 |    0 |     0 |    0 |    50 |    0 |    50 |    0 | 16000 |    0 |  2400 |    0 |     0 |    0 |    10 |    0 |    20 |
| X1Y1              |    3 |    12 |    0 |     4 |    0 |     2 |    0 |     4 |    0 |     1 |    0 |     1 |    0 |     0 |    0 |     0 |    0 |    50 |    0 |    50 | 2551 | 15200 |  998 |  2600 |    0 |     0 |   34 |    30 |    0 |    40 |
| X0Y2              |    0 |    12 |    0 |     4 |    0 |     2 |    0 |     4 |    0 |     1 |    0 |     1 |    0 |     0 |    0 |     0 |    0 |    50 |    0 |    50 |    0 | 16000 |    0 |  2400 |    0 |     0 |    0 |    10 |    0 |    20 |
| X1Y2              |    4 |    12 |    0 |     4 |    0 |     2 |    0 |     4 |    1 |     1 |    0 |     1 |    0 |     0 |    0 |     0 |    0 |    50 |    0 |    50 |  542 | 15200 |  199 |  2600 |    0 |     0 |   10 |    30 |    0 |    40 |
| X0Y3              |    0 |    12 |    0 |     4 |    0 |     2 |    0 |     4 |    0 |     1 |    0 |     1 |    0 |     0 |    0 |     0 |    0 |    50 |    0 |    50 |    0 | 20800 |    0 |  2400 |    0 |     0 |    0 |    10 |    0 |    20 |
| X1Y3              |    0 |    12 |    0 |     0 |    0 |     0 |    0 |     0 |    0 |     0 |    0 |     0 |    0 |     5 |    0 |     0 |    0 |     0 |    0 |     0 |    0 | 10800 |    0 |  2000 |    0 |     0 |    0 |    15 |    0 |    40 |
+-------------------+------+-------+------+-------+------+-------+------+-------+------+-------+------+-------+------+-------+------+-------+------+-------+------+-------+------+-------+------+-------+------+-------+------+-------+------+-------+
* Used Global Clocks includes only global clock resources based on load placement but does not consider global clock resources used to traverse a clock region. Therefore the actual total of Used Global Clocks may be higher.
** RAMB36 site can be used as two RAMB18/FIFO18 sites.


6. Clock Regions : Global Clock Summary
---------------------------------------

+----+----+----+
|    | X0 | X1 |
+----+----+----+
| Y3 |  0 |  0 |
| Y2 |  0 |  4 |
| Y1 |  0 |  3 |
| Y0 |  0 |  0 |
+----+----+----+
* Used Global Clocks includes only global clock resources based on load placement but does not consider global clock resources used to traverse a clock region. Therefore the actual total of Used Global Clocks may be higher.


7. Cell Type Counts per Global Clock: Region X1Y1
-------------------------------------------------

+-------+-------+-----------------+------------+-------------+-----------------+------+--------+------+-----+----+------+-----+---------+--------------------------------------+
| GlbID | Track | Driver Type/Pin | Constraint | Clock Loads | Non-Clock Loads | FF   | LUTRAM | RAMB | DSP | GT | MMCM | PLL | Hard IP | Net                                  |
+-------+-------+-----------------+------------+-------------+-----------------+------+--------+------+-----+----+------+-----+---------+--------------------------------------+
| g1    | n/a   | BUFG/O          | None       |           0 |            2430 | 2413 |    940 |   34 |   0 |  0 |    0 |   0 |       0 | MP3_Design_i/clk_wiz_1/inst/clk_out1 |
| g2    | n/a   | BUFG/O          | None       |           0 |               3 |    3 |      2 |    0 |   0 |  0 |    0 |   0 |       0 | MP3_Design_i/mdm_1/U0/Dbg_Update_0   |
| g3    | n/a   | BUFG/O          | None       |           0 |             135 |  135 |     56 |    0 |   0 |  0 |    0 |   0 |       0 | MP3_Design_i/mdm_1/U0/Ext_JTAG_DRCK  |
+-------+-------+-----------------+------------+-------------+-----------------+------+--------+------+-----+----+------+-----+---------+--------------------------------------+


8. Cell Type Counts per Global Clock: Region X1Y2
-------------------------------------------------

+-------+-------+-----------------+------------+-------------+-----------------+-----+--------+------+-----+----+------+-----+---------+-----------------------------------------------------------------+
| GlbID | Track | Driver Type/Pin | Constraint | Clock Loads | Non-Clock Loads | FF  | LUTRAM | RAMB | DSP | GT | MMCM | PLL | Hard IP | Net                                                             |
+-------+-------+-----------------+------------+-------------+-----------------+-----+--------+------+-----+----+------+-----+---------+-----------------------------------------------------------------+
| g0    | n/a   | BUFG/O          | None       |           1 |               0 |   0 |      0 |    0 |   0 |  0 |    1 |   0 |       0 | MP3_Design_i/clk_wiz_1/inst/clkfbout_buf_MP3_Design_clk_wiz_1_0 |
| g1    | n/a   | BUFG/O          | None       |           0 |             391 | 386 |    149 |   10 |   0 |  0 |    0 |   0 |       0 | MP3_Design_i/clk_wiz_1/inst/clk_out1                            |
| g2    | n/a   | BUFG/O          | None       |           0 |              37 |  37 |     17 |    0 |   0 |  0 |    0 |   0 |       0 | MP3_Design_i/mdm_1/U0/Dbg_Update_0                              |
| g3    | n/a   | BUFG/O          | None       |           0 |             119 | 119 |     33 |    0 |   0 |  0 |    0 |   0 |       0 | MP3_Design_i/mdm_1/U0/Ext_JTAG_DRCK                             |
+-------+-------+-----------------+------------+-------------+-----------------+-----+--------+------+-----+----+------+-----+---------+-----------------------------------------------------------------+


9. Load Cell Placement Summary for Global Clock g0
--------------------------------------------------

+-------+-----------------+-------------------+-----------------------------------+-------------+---------------+----------+-------------+----------+-------------+----+-----------------------------------------------------------------+
| GlbID | Driver Type/Pin | Driver Region (D) | Clock                             | Period (ns) | Waveform (ns) | Root (R) | Slice Loads | IO Loads | Clock Loads | GT | Net                                                             |
+-------+-----------------+-------------------+-----------------------------------+-------------+---------------+----------+-------------+----------+-------------+----+-----------------------------------------------------------------+
| g0    | BUFG/O          | n/a               | clkfbout_MP3_Design_clk_wiz_1_0_1 |      10.000 | {0.000 5.000} |          |           0 |        0 |           1 |  0 | MP3_Design_i/clk_wiz_1/inst/clkfbout_buf_MP3_Design_clk_wiz_1_0 |
+-------+-----------------+-------------------+-----------------------------------+-------------+---------------+----------+-------------+----------+-------------+----+-----------------------------------------------------------------+


+----+----+----+
|    | X0 | X1 |
+----+----+----+
| Y3 |  0 |  0 |
| Y2 |  0 |  1 |
| Y1 |  0 |  0 |
| Y0 |  0 |  0 |
+----+----+----+


10. Load Cell Placement Summary for Global Clock g1
---------------------------------------------------

+-------+-----------------+-------------------+-----------------------------------+-------------+---------------+----------+-------------+----------+-------------+----+--------------------------------------+
| GlbID | Driver Type/Pin | Driver Region (D) | Clock                             | Period (ns) | Waveform (ns) | Root (R) | Slice Loads | IO Loads | Clock Loads | GT | Net                                  |
+-------+-----------------+-------------------+-----------------------------------+-------------+---------------+----------+-------------+----------+-------------+----+--------------------------------------+
| g1    | BUFG/O          | n/a               | clk_out1_MP3_Design_clk_wiz_1_0_1 |      10.000 | {0.000 5.000} |          |        2821 |        0 |           0 |  0 | MP3_Design_i/clk_wiz_1/inst/clk_out1 |
+-------+-----------------+-------------------+-----------------------------------+-------------+---------------+----------+-------------+----------+-------------+----+--------------------------------------+


+----+----+-------+
|    | X0 | X1    |
+----+----+-------+
| Y3 |  0 |     0 |
| Y2 |  0 |   391 |
| Y1 |  0 |  2430 |
| Y0 |  0 |     0 |
+----+----+-------+


11. Load Cell Placement Summary for Global Clock g2
---------------------------------------------------

+-------+-----------------+-------------------+-----------------------------------------------+-------------+----------------+----------+-------------+----------+-------------+----+------------------------------------+
| GlbID | Driver Type/Pin | Driver Region (D) | Clock                                         | Period (ns) | Waveform (ns)  | Root (R) | Slice Loads | IO Loads | Clock Loads | GT | Net                                |
+-------+-----------------+-------------------+-----------------------------------------------+-------------+----------------+----------+-------------+----------+-------------+----+------------------------------------+
| g2    | BUFG/O          | n/a               | MP3_Design_i/mdm_1/U0/Use_E2.BSCANE2_I/UPDATE |      33.333 | {0.000 16.667} |          |          40 |        0 |           0 |  0 | MP3_Design_i/mdm_1/U0/Dbg_Update_0 |
+-------+-----------------+-------------------+-----------------------------------------------+-------------+----------------+----------+-------------+----------+-------------+----+------------------------------------+


+----+----+-----+
|    | X0 | X1  |
+----+----+-----+
| Y3 |  0 |   0 |
| Y2 |  0 |  37 |
| Y1 |  0 |   3 |
| Y0 |  0 |   0 |
+----+----+-----+


12. Load Cell Placement Summary for Global Clock g3
---------------------------------------------------

+-------+-----------------+-------------------+---------------------------------------------+-------------+----------------+----------+-------------+----------+-------------+----+-------------------------------------+
| GlbID | Driver Type/Pin | Driver Region (D) | Clock                                       | Period (ns) | Waveform (ns)  | Root (R) | Slice Loads | IO Loads | Clock Loads | GT | Net                                 |
+-------+-----------------+-------------------+---------------------------------------------+-------------+----------------+----------+-------------+----------+-------------+----+-------------------------------------+
| g3    | BUFG/O          | n/a               | MP3_Design_i/mdm_1/U0/Use_E2.BSCANE2_I/DRCK |      33.333 | {0.000 16.667} |          |         254 |        0 |           0 |  0 | MP3_Design_i/mdm_1/U0/Ext_JTAG_DRCK |
+-------+-----------------+-------------------+---------------------------------------------+-------------+----------------+----------+-------------+----------+-------------+----+-------------------------------------+


+----+----+------+
|    | X0 | X1   |
+----+----+------+
| Y3 |  0 |    0 |
| Y2 |  0 |  119 |
| Y1 |  0 |  135 |
| Y0 |  0 |    0 |
+----+----+------+



# Location of BUFG Primitives 
set_property LOC BUFGCTRL_X0Y0 [get_cells MP3_Design_i/mdm_1/U0/No_Dbg_Reg_Access.BUFG_DRCK]
set_property LOC BUFGCTRL_X0Y1 [get_cells MP3_Design_i/mdm_1/U0/Dbg_Update_0_BUFG_inst]
set_property LOC BUFGCTRL_X0Y17 [get_cells MP3_Design_i/clk_wiz_1/inst/clkf_buf]
set_property LOC BUFGCTRL_X0Y16 [get_cells MP3_Design_i/clk_wiz_1/inst/clkout1_buf]

# Location of IO Primitives which is load of clock spine

# Location of clock ports
set_property LOC IOB_X1Y126 [get_ports clk]

# Clock net "MP3_Design_i/mdm_1/U0/Ext_JTAG_DRCK" driven by instance "MP3_Design_i/mdm_1/U0/No_Dbg_Reg_Access.BUFG_DRCK" located at site "BUFGCTRL_X0Y0"
#startgroup
create_pblock {CLKAG_MP3_Design_i/mdm_1/U0/Ext_JTAG_DRCK}
add_cells_to_pblock [get_pblocks  {CLKAG_MP3_Design_i/mdm_1/U0/Ext_JTAG_DRCK}] [get_cells -filter { PRIMITIVE_GROUP != I/O && IS_PRIMITIVE==1 && PRIMITIVE_LEVEL !=INTERNAL } -of_object [get_pins -filter {DIRECTION==IN} -of_objects [get_nets -hierarchical -filter {PARENT=="MP3_Design_i/mdm_1/U0/Ext_JTAG_DRCK"}]]]
resize_pblock [get_pblocks {CLKAG_MP3_Design_i/mdm_1/U0/Ext_JTAG_DRCK}] -add {CLOCKREGION_X1Y1:CLOCKREGION_X1Y1 CLOCKREGION_X1Y2:CLOCKREGION_X1Y2}
#endgroup

# Clock net "MP3_Design_i/mdm_1/U0/Dbg_Update_0" driven by instance "MP3_Design_i/mdm_1/U0/Dbg_Update_0_BUFG_inst" located at site "BUFGCTRL_X0Y1"
#startgroup
create_pblock {CLKAG_MP3_Design_i/mdm_1/U0/Dbg_Update_0}
add_cells_to_pblock [get_pblocks  {CLKAG_MP3_Design_i/mdm_1/U0/Dbg_Update_0}] [get_cells -filter { PRIMITIVE_GROUP != I/O && IS_PRIMITIVE==1 && PRIMITIVE_LEVEL !=INTERNAL } -of_object [get_pins -filter {DIRECTION==IN} -of_objects [get_nets -hierarchical -filter {PARENT=="MP3_Design_i/mdm_1/U0/Dbg_Update_0"}]]]
resize_pblock [get_pblocks {CLKAG_MP3_Design_i/mdm_1/U0/Dbg_Update_0}] -add {CLOCKREGION_X1Y1:CLOCKREGION_X1Y1 CLOCKREGION_X1Y2:CLOCKREGION_X1Y2}
#endgroup

# Clock net "MP3_Design_i/clk_wiz_1/inst/clk_out1" driven by instance "MP3_Design_i/clk_wiz_1/inst/clkout1_buf" located at site "BUFGCTRL_X0Y16"
#startgroup
create_pblock {CLKAG_MP3_Design_i/clk_wiz_1/inst/clk_out1}
add_cells_to_pblock [get_pblocks  {CLKAG_MP3_Design_i/clk_wiz_1/inst/clk_out1}] [get_cells -filter { PRIMITIVE_GROUP != I/O && IS_PRIMITIVE==1 && PRIMITIVE_LEVEL !=INTERNAL } -of_object [get_pins -filter {DIRECTION==IN} -of_objects [get_nets -hierarchical -filter {PARENT=="MP3_Design_i/clk_wiz_1/inst/clk_out1"}]]]
resize_pblock [get_pblocks {CLKAG_MP3_Design_i/clk_wiz_1/inst/clk_out1}] -add {CLOCKREGION_X1Y1:CLOCKREGION_X1Y1 CLOCKREGION_X1Y2:CLOCKREGION_X1Y2}
#endgroup
