10:16:50 INFO  : Launching XSDB server: xsdb.bat D:/Xilinx/SDK/2015.4/scripts/xsdb/xsdb/xsdb-server.tcl
10:16:51 INFO  : XSDB server has started successfully.
10:16:52 INFO  : Processing command line option -hwspec K:/CR_MicroBlase/MB1/MB1.sdk/DMB1_wrapper.hdf.
10:20:48 INFO  : Connected to target on host '127.0.0.1' and port '3121'.
10:20:50 INFO  : 'targets -set -filter {jtag_cable_name =~ "Digilent Nexys4 210274505160A" && level==0} -index 0' command is executed.
10:20:52 INFO  : FPGA configured successfully with bitstream "K:/CR_MicroBlase/MB1/MB1.sdk/DMB1_wrapper_hw_platform_0/download.bit"
10:23:45 INFO  : Processor reset is completed for microblaze_0
10:24:32 INFO  : Processor reset is completed for microblaze_0
10:24:44 INFO  : Processor reset is completed for microblaze_0
10:24:59 INFO  : Processor reset is completed for microblaze_0
10:40:11 ERROR : Unexpected error while parsing XMD response ?: com.google.gson.JsonSyntaxException: com.google.gson.stream.MalformedJsonException: invalid number or unquoted string near 
17:04:03 INFO  : Launching XSDB server: xsdb -n /opt/Xilinx/SDK/2015.4/scripts/xsdb/xsdb/xsdb-server.tcl
17:04:05 INFO  : XSDB server has started successfully.
17:04:06 INFO  : Processing command line option -hwspec /media/psf/Home/Development/ect_ua/UserRepository/Aulas/Aula10/ex1/MB1/MB1.sdk/DMB1_wrapper.hdf.
20:46:33 INFO  : Connected to target on host '127.0.0.1' and port '3121'.
20:46:33 INFO  : 'targets -set -filter {jtag_cable_name =~ "Digilent Nexys4 210274505271A" && level==0} -index 0' command is executed.
20:46:35 INFO  : FPGA configured successfully with bitstream "/media/psf/Home/Development/ect_ua/UserRepository/Aulas/Aula10/ex1/MB1/MB1.sdk/DMB1_wrapper_hw_platform_0/download.bit"
20:54:02 INFO  : Connected to target on host '127.0.0.1' and port '3121'.
20:54:03 INFO  : 'targets -set -filter {jtag_cable_name =~ "Digilent Nexys4 210274505271A" && level==0} -index 0' command is executed.
20:54:05 INFO  : FPGA configured successfully with bitstream "/media/psf/Home/Development/ect_ua/UserRepository/Aulas/Aula10/ex1/MB1/MB1.sdk/DMB1_wrapper_hw_platform_0/download.bit"
21:07:28 INFO  : Processor reset is completed for microblaze_0
21:07:29 ERROR : Unexpected error while launching program.
java.lang.RuntimeException: Function "exit" not found inElf file "/media/psf/Home/Development/ect_ua/UserRepository/Aulas/Aula10/ex1/MB1/MB1.srcs/sources_1/bd/DMB1/ip/DMB1_microblaze_0_0/data/mb_bootloop_le.elf"

Unknown Error Occured
    Symbol exit in Elf /media/psf/Home/Development/ect_ua/UserRepository/Aulas/Aula10/ex1/MB1/MB1.srcs/sources_1/bd/DMB1/ip/DMB1_microblaze_0_0/data/mb_bootloop_le.elf

	at com.xilinx.sdk.targetmanager.internal.TM.setBreakPoint(TM.java:730)
	at com.xilinx.sdk.debug.core.internal.AppRunner.run(AppRunner.java:140)
	at com.xilinx.sdk.debug.core.XilinxAppLaunchConfigurationDelegate.runApplication(XilinxAppLaunchConfigurationDelegate.java:637)
	at com.xilinx.sdk.debug.core.XilinxAppLaunchConfigurationDelegate.launch(XilinxAppLaunchConfigurationDelegate.java:309)
	at com.xilinx.sdk.debug.ui.XilinxAppLaunchDelegateWrapper.launch(XilinxAppLaunchDelegateWrapper.java:31)
	at org.eclipse.debug.internal.core.LaunchConfiguration.launch(LaunchConfiguration.java:858)
	at org.eclipse.debug.internal.core.LaunchConfiguration.launch(LaunchConfiguration.java:707)
	at org.eclipse.debug.internal.ui.DebugUIPlugin.buildAndLaunch(DebugUIPlugin.java:1018)
	at org.eclipse.debug.internal.ui.DebugUIPlugin$8.run(DebugUIPlugin.java:1222)
	at org.eclipse.core.internal.jobs.Worker.run(Worker.java:53)
21:10:09 INFO  : 'targets -set -filter {jtag_cable_name =~ "Digilent Nexys4 210274505271A" && level==0} -index 0' command is executed.
21:10:09 INFO  : 'fpga -state' command is executed.
21:10:09 INFO  : Connected to target on host '127.0.0.1' and port '3121'.
21:10:09 ERROR : no targets found with "name =~ "microblaze*#0" && bscan=="USER2"  && jtag_cable_name =~ "Digilent Nexys4 210274505271A"". available targets:
  1* xc7a100t
     2  Debug Module at USER2
        3  MicroBlaze #0 (Access denied) (Running)
21:10:09 INFO  : ----------------XSDB Script----------------
connect -url tcp:127.0.0.1:3121
targets -set -nocase -filter {name =~ "microblaze*#0" && bscan=="USER2"  && jtag_cable_name =~ "Digilent Nexys4 210274505271A"} -index 0
----------------End of Script----------------

21:11:03 INFO  : 'targets -set -filter {jtag_cable_name =~ "Digilent Nexys4 210274505271A" && level==0} -index 0' command is executed.
21:11:03 INFO  : 'fpga -state' command is executed.
21:11:03 INFO  : Connected to target on host '127.0.0.1' and port '3121'.
21:11:03 ERROR : no targets found with "name =~ "microblaze*#0" && bscan=="USER2"  && jtag_cable_name =~ "Digilent Nexys4 210274505271A"". available targets:
  1* xc7a100t
     2  Debug Module at USER2
        3  MicroBlaze #0 (Access denied) (Running)
21:11:03 INFO  : ----------------XSDB Script----------------
connect -url tcp:127.0.0.1:3121
targets -set -nocase -filter {name =~ "microblaze*#0" && bscan=="USER2"  && jtag_cable_name =~ "Digilent Nexys4 210274505271A"} -index 0
----------------End of Script----------------

21:11:46 INFO  : 'targets -set -filter {jtag_cable_name =~ "Digilent Nexys4 210274505271A" && level==0} -index 0' command is executed.
21:11:46 INFO  : 'fpga -state' command is executed.
21:11:46 INFO  : Connected to target on host '127.0.0.1' and port '3121'.
21:11:47 ERROR : no targets found with "name =~ "microblaze*#0" && bscan=="USER2"  && jtag_cable_name =~ "Digilent Nexys4 210274505271A"". available targets:
  1* xc7a100t
     2  Debug Module at USER2
        3  MicroBlaze #0 (Access denied) (Running)
21:11:47 INFO  : ----------------XSDB Script----------------
connect -url tcp:127.0.0.1:3121
targets -set -nocase -filter {name =~ "microblaze*#0" && bscan=="USER2"  && jtag_cable_name =~ "Digilent Nexys4 210274505271A"} -index 0
----------------End of Script----------------

21:12:01 INFO  : 'targets -set -filter {jtag_cable_name =~ "Digilent Nexys4 210274505271A" && level==0} -index 0' command is executed.
21:12:01 INFO  : 'fpga -state' command is executed.
21:12:07 INFO  : Connected to target on host '127.0.0.1' and port '3121'.
21:12:07 ERROR : no targets found with "name =~ "microblaze*#0" && bscan=="USER2"  && jtag_cable_name =~ "Digilent Nexys4 210274505271A"". available targets:
  1* xc7a100t
21:12:07 INFO  : ----------------XSDB Script----------------
connect -url tcp:127.0.0.1:3121
targets -set -nocase -filter {name =~ "microblaze*#0" && bscan=="USER2"  && jtag_cable_name =~ "Digilent Nexys4 210274505271A"} -index 0
----------------End of Script----------------

21:12:24 INFO  : Connected to target on host '127.0.0.1' and port '3121'.
21:12:44 INFO  : Connected to target on host '127.0.0.1' and port '3121'.
21:12:45 INFO  : 'targets -set -filter {jtag_cable_name =~ "Digilent Nexys4 210274505271A" && level==0} -index 0' command is executed.
21:12:47 INFO  : FPGA configured successfully with bitstream "/media/psf/Home/Development/ect_ua/UserRepository/Aulas/Aula10/ex1/MB1/MB1.sdk/DMB1_wrapper_hw_platform_0/download.bit"
21:13:02 INFO  : 'targets -set -filter {jtag_cable_name =~ "Digilent Nexys4 210274505271A" && level==0} -index 0' command is executed.
21:13:02 INFO  : 'fpga -state' command is executed.
21:13:02 INFO  : Connected to target on host '127.0.0.1' and port '3121'.
21:13:02 ERROR : no targets found with "name =~ "microblaze*#0" && bscan=="USER2"  && jtag_cable_name =~ "Digilent Nexys4 210274505271A"". available targets:
  1* xc7a100t
21:13:02 INFO  : ----------------XSDB Script----------------
connect -url tcp:127.0.0.1:3121
targets -set -nocase -filter {name =~ "microblaze*#0" && bscan=="USER2"  && jtag_cable_name =~ "Digilent Nexys4 210274505271A"} -index 0
----------------End of Script----------------

21:25:38 INFO  : Connected to target on host '127.0.0.1' and port '3121'.
21:25:39 INFO  : 'targets -set -filter {jtag_cable_name =~ "Digilent Nexys4 210274505271A" && level==0} -index 0' command is executed.
21:25:41 INFO  : FPGA configured successfully with bitstream "/media/psf/Home/Development/ect_ua/UserRepository/Aulas/Aula10/ex1/MB1/MB1.sdk/DMB1_wrapper_hw_platform_0/download.bit"
21:26:08 INFO  : Processor reset is completed for microblaze_0
21:26:24 INFO  : Connected to target on host '127.0.0.1' and port '3121'.
21:26:39 INFO  : Connected to target on host '127.0.0.1' and port '3121'.
21:26:40 INFO  : 'targets -set -filter {jtag_cable_name =~ "Digilent Nexys4 210274505271A" && level==0} -index 0' command is executed.
21:26:42 INFO  : FPGA configured successfully with bitstream "/media/psf/Home/Development/ect_ua/UserRepository/Aulas/Aula10/ex1/MB1/MB1.sdk/DMB1_wrapper_hw_platform_0/download.bit"
21:26:56 INFO  : Processor reset is completed for microblaze_0
21:32:50 INFO  : Processor reset is completed for microblaze_0
21:33:12 INFO  : Processor reset is completed for microblaze_0
21:34:36 ERROR : Unexpected error while parsing XMD response ￿: com.google.gson.JsonSyntaxException: com.google.gson.stream.MalformedJsonException: invalid number or unquoted string near 
22:03:21 INFO  : Launching XSDB server: xsdb -n /opt/Xilinx/SDK/2015.4/scripts/xsdb/xsdb/xsdb-server.tcl
22:03:23 INFO  : XSDB server has started successfully.
22:03:25 INFO  : Processing command line option -hwspec /media/psf/Home/Development/ect_ua/UserRepository/Aulas/Aula10/ex1/MB1/MB1.sdk/DMB1_wrapper.hdf.
22:03:25 INFO  : Checking for hwspec changes in the project DMB1_wrapper_hw_platform_1.
22:03:55 ERROR : Checking FPGA configuration failed..Connection to Board Failed


    Unknown Error Occured
    Cable is not connected to the host

22:03:55 ERROR : Unexpected error while launching program.
com.xilinx.sdk.targetmanager.TMException: Connection to Board Failed


    Unknown Error Occured
    Cable is not connected to the host

	at com.xilinx.sdk.targetmanager.internal.TM.isFPGAConfigured(TM.java:374)
	at com.xilinx.sdk.debug.core.XilinxAppLaunchConfigurationDelegate.isFpgaConfigured(XilinxAppLaunchConfigurationDelegate.java:409)
	at com.xilinx.sdk.debug.core.XilinxAppLaunchConfigurationDelegate.launch(XilinxAppLaunchConfigurationDelegate.java:303)
	at com.xilinx.sdk.debug.ui.XilinxAppLaunchDelegateWrapper.launch(XilinxAppLaunchDelegateWrapper.java:31)
	at org.eclipse.debug.internal.core.LaunchConfiguration.launch(LaunchConfiguration.java:858)
	at org.eclipse.debug.internal.core.LaunchConfiguration.launch(LaunchConfiguration.java:707)
	at org.eclipse.debug.internal.ui.DebugUIPlugin.buildAndLaunch(DebugUIPlugin.java:1018)
	at org.eclipse.debug.internal.ui.DebugUIPlugin$8.run(DebugUIPlugin.java:1222)
	at org.eclipse.core.internal.jobs.Worker.run(Worker.java:53)
22:04:22 INFO  : Connected to target on host '127.0.0.1' and port '3121'.
22:05:06 INFO  : Connected to target on host '127.0.0.1' and port '3121'.
22:05:06 INFO  : 'targets -set -filter {jtag_cable_name =~ "Digilent Nexys4 210274505271A" && level==0} -index 0' command is executed.
22:05:09 INFO  : FPGA configured successfully with bitstream "/media/psf/Home/Development/ect_ua/UserRepository/Aulas/Aula10/ex1/MB1/MB1.sdk/DMB1_wrapper_hw_platform_0/download.bit"
22:05:25 INFO  : Processor reset is completed for microblaze_0
22:08:17 ERROR : Unexpected error while parsing XMD response ￿: com.google.gson.JsonSyntaxException: com.google.gson.stream.MalformedJsonException: invalid number or unquoted string near 
