#-----------------------------------------------------------
# Vivado v2014.4 (64-bit)
# SW Build 1071353 on Tue Nov 18 18:24:04 MST 2014
# IP Build 1070531 on Tue Nov 18 01:10:18 MST 2014
# Start of session at: Sun May 03 20:43:01 2015
# Process ID: 3592
# Log file: C:/Users/jeronimos/Documents/Universidade/CR/praticas/aula8/UserDefinedRepository/clock_divider/vivado.log
# Journal file: C:/Users/jeronimos/Documents/Universidade/CR/praticas/aula8/UserDefinedRepository/clock_divider\vivado.jou
#-----------------------------------------------------------
start_gui
open_project C:/Users/jeronimos/Documents/Universidade/CR/praticas/aula8/UserDefinedRepository/clock_divider/clock_divider.xpr
INFO: [Project 1-489] The host OS only allows 260 characters in a normal path. The project is stored in a path with more than 80 characters. If you experience issues with IP, Block Designs, or files not being found, please consider moving the project to a location with a shorter path. Alternately consider using the OS subst command to map part of the path to a drive letter.
Current project path is 'C:/Users/jeronimos/Documents/Universidade/CR/praticas/aula8/UserDefinedRepository/clock_divider'
Scanning sources...
Finished scanning sources
INFO: [IP_Flow 19-234] Refreshing IP repositories
INFO: [IP_Flow 19-1700] Loaded user IP repository 'c:/Users/jeronimos/Documents/Universidade/CR/praticas/aula8/UserDefinedRepository/clock_divider/clock_divider.srcs/sources_1/imports'.
INFO: [IP_Flow 19-2313] Loaded Vivado IP repository 'C:/Xilinx/Vivado/2014.4/data/ip'.
exit
INFO: [Common 17-206] Exiting Vivado at Sun May 03 20:43:17 2015...
: peak = 739.473 ; gain = 167.211
exit
INFO: [Common 17-206] Exiting Vivado at Sun May 03 20:44:05 2015...
